c:\users\sipyr\desktop\oop_kursach\oop_kursach\debug\vc120.pdb
c:\users\sipyr\desktop\oop_kursach\oop_kursach\debug\vc120.idb
c:\users\sipyr\desktop\oop_kursach\oop_kursach\debug\ambulatory.obj
c:\users\sipyr\desktop\oop_kursach\oop_kursach\debug\doctors.obj
c:\users\sipyr\desktop\oop_kursach\oop_kursach\debug\interface.obj
c:\users\sipyr\desktop\oop_kursach\oop_kursach\debug\login.obj
c:\users\sipyr\desktop\oop_kursach\oop_kursach\debug\main.obj
c:\users\sipyr\desktop\oop_kursach\oop_kursach\debug\med_personal.obj
c:\users\sipyr\desktop\oop_kursach\oop_kursach\debug\med_sisters.obj
c:\users\sipyr\desktop\oop_kursach\oop_kursach\debug\patients.obj
c:\users\sipyr\desktop\oop_kursach\oop_kursach\debug\people.obj
c:\users\sipyr\desktop\oop_kursach\oop_kursach\debug\stack.obj
c:\users\sipyr\desktop\oop_kursach\oop_kursach\debug\stationary.obj
c:\users\sipyr\desktop\oop_kursach\debug\oop_kursach.ilk
c:\users\sipyr\desktop\oop_kursach\debug\oop_kursach.exe
c:\users\sipyr\desktop\oop_kursach\debug\oop_kursach.pdb
c:\users\sipyr\desktop\oop_kursach\oop_kursach\debug\oop_kursach.tlog\cl.command.1.tlog
c:\users\sipyr\desktop\oop_kursach\oop_kursach\debug\oop_kursach.tlog\cl.read.1.tlog
c:\users\sipyr\desktop\oop_kursach\oop_kursach\debug\oop_kursach.tlog\cl.write.1.tlog
c:\users\sipyr\desktop\oop_kursach\oop_kursach\debug\oop_kursach.tlog\link.command.1.tlog
c:\users\sipyr\desktop\oop_kursach\oop_kursach\debug\oop_kursach.tlog\link.read.1.tlog
c:\users\sipyr\desktop\oop_kursach\oop_kursach\debug\oop_kursach.tlog\link.write.1.tlog
